  stdafx.cpp
  Animation.cpp
  Application.cpp
  Console.cpp
  GameScene.cpp
D:\sosujungong\4차시\Engine (2)\Engine\GameScene.cpp(54,21): warning C4244: '인수': 'float'에서 'int'(으)로 변환하면서 데이터가 손실될 수 있습니다.
D:\sosujungong\4차시\Engine (2)\Engine\GameScene.cpp(58,22): warning C4244: '인수': 'float'에서 'int'(으)로 변환하면서 데이터가 손실될 수 있습니다.
D:\sosujungong\4차시\Engine (2)\Engine\GameScene.cpp(61,23): warning C4244: '인수': 'float'에서 'int'(으)로 변환하면서 데이터가 손실될 수 있습니다.
D:\sosujungong\4차시\Engine (2)\Engine\GameScene.cpp(82,21): warning C4244: '초기화 중': 'float'에서 'int'(으)로 변환하면서 데이터가 손실될 수 있습니다.
  InputManager.cpp
D:\sosujungong\4차시\Engine (2)\Engine\InputManager.cpp(43,27): warning C4244: '인수': 'LONG'에서 'FLOAT'(으)로 변환하면서 데이터가 손실될 수 있습니다.
D:\sosujungong\4차시\Engine (2)\Engine\InputManager.cpp(43,22): warning C4244: '인수': 'LONG'에서 'FLOAT'(으)로 변환하면서 데이터가 손실될 수 있습니다.
  main.cpp
  MainScene.cpp
  Object.cpp
D:\sosujungong\4차시\Engine (2)\Engine\Object.cpp(59,18): warning C4244: '+=': 'FLOAT'에서 'LONG'(으)로 변환하면서 데이터가 손실될 수 있습니다.
D:\sosujungong\4차시\Engine (2)\Engine\Object.cpp(60,19): warning C4244: '+=': 'FLOAT'에서 'LONG'(으)로 변환하면서 데이터가 손실될 수 있습니다.
D:\sosujungong\4차시\Engine (2)\Engine\Object.cpp(61,17): warning C4244: '+=': 'FLOAT'에서 'LONG'(으)로 변환하면서 데이터가 손실될 수 있습니다.
D:\sosujungong\4차시\Engine (2)\Engine\Object.cpp(62,20): warning C4244: '+=': 'FLOAT'에서 'LONG'(으)로 변환하면서 데이터가 손실될 수 있습니다.
D:\sosujungong\4차시\Engine (2)\Engine\Object.cpp(92,12): warning C4244: 'return': 'FLOAT'에서 'int'(으)로 변환하면서 데이터가 손실될 수 있습니다.
D:\sosujungong\4차시\Engine (2)\Engine\Object.cpp(96,12): warning C4244: 'return': 'FLOAT'에서 'int'(으)로 변환하면서 데이터가 손실될 수 있습니다.
D:\sosujungong\4차시\Engine (2)\Engine\Object.cpp(104,10): warning C4244: '=': 'int'에서 'FLOAT'(으)로 변환하면서 데이터가 손실될 수 있습니다.
D:\sosujungong\4차시\Engine (2)\Engine\Object.cpp(105,10): warning C4244: '=': 'int'에서 'FLOAT'(으)로 변환하면서 데이터가 손실될 수 있습니다.
  Scene.cpp
  SceneManager.cpp
  SoundManager.cpp
  Sprite.cpp
D:\sosujungong\4차시\Engine (2)\Engine\Sprite.cpp(40,48): warning C4244: '인수': 'int'에서 'FLOAT'(으)로 변환하면서 데이터가 손실될 수 있습니다.
D:\sosujungong\4차시\Engine (2)\Engine\Sprite.cpp(40,35): warning C4244: '인수': 'int'에서 'FLOAT'(으)로 변환하면서 데이터가 손실될 수 있습니다.
  TextureManager.cpp
  코드를 생성하고 있습니다...
  Engine.vcxproj -> D:\sosujungong\4차시\Engine (2)\Debug\Engine.exe
